<?xml version="1.0" encoding="UTF-8"?>
<!-- Generated by org.testng.reporters.JUnitReportReporter -->
<testsuite hostname="Rahul-pc" name="Testcases.Loginapplication" tests="1" failures="0" timestamp="20 Mar 2015 05:55:52 GMT" time="18.645" errors="0">
  <testcase name="Login" time="18.645" classname="Testcases.Loginapplication"/>
</testsuite> <!-- Testcases.Loginapplication -->
